Start testing: Aug 28 04:14 Eastern Daylight Time
----------------------------------------------------------
1/1 Testing: openreport_core_tests
1/1 Test: openreport_core_tests
Command: "C:/Users/aleja/Development/GitHubRepos/OpenReport/build/tests/openreport_core_tests.exe"
Directory: C:/Users/aleja/Development/GitHubRepos/OpenReport/build/tests
"openreport_core_tests" start time: Aug 28 04:14 Eastern Daylight Time
Output:
----------------------------------------------------------
<end of output>
Test time =   0.01 sec
----------------------------------------------------------
Test Passed.
"openreport_core_tests" end time: Aug 28 04:14 Eastern Daylight Time
"openreport_core_tests" time elapsed: 00:00:00
----------------------------------------------------------

End testing: Aug 28 04:14 Eastern Daylight Time
